  Source.cpp
C:\Users\satinder.sikand\source\repos\CSsample\CSsample\Source.cpp(14,1): warning C4005: '_CRT_SECURE_NO_DEPRECATE': macro redefinition
C:\Users\satinder.sikand\source\repos\CSsample\CSsample\Source.cpp : message : see previous definition of '_CRT_SECURE_NO_DEPRECATE'
C:\Users\satinder.sikand\source\repos\CSsample\CSsample\Source.cpp(97,49): warning C4101: 'dir': unreferenced local variable
C:\Users\satinder.sikand\source\repos\CSsample\CSsample\Source.cpp(98,8): warning C4101: 'name': unreferenced local variable
C:\Users\satinder.sikand\source\repos\CSsample\CSsample\Source.cpp(97,30): warning C4101: 'drive': unreferenced local variable
C:\Users\satinder.sikand\source\repos\CSsample\CSsample\Source.cpp(97,64): warning C4101: 'fname': unreferenced local variable
C:\Users\satinder.sikand\source\repos\CSsample\CSsample\Source.cpp(99,10): warning C4101: 'err': unreferenced local variable
C:\Users\satinder.sikand\source\repos\CSsample\CSsample\Source.cpp(97,83): warning C4101: 'ext': unreferenced local variable
C:\Users\satinder.sikand\source\repos\CSsample\CSsample\Source.cpp(163,9): warning C4477: 'printf' : format string '%s' requires an argument of type 'char *', but variadic argument 1 has type 'const wchar_t *'
C:\Users\satinder.sikand\source\repos\CSsample\CSsample\Source.cpp(163,9): message : consider using '%ls' in the format string
C:\Users\satinder.sikand\source\repos\CSsample\CSsample\Source.cpp(163,9): message : consider using '%lls' in the format string
C:\Users\satinder.sikand\source\repos\CSsample\CSsample\Source.cpp(163,9): message : consider using '%Ls' in the format string
C:\Users\satinder.sikand\source\repos\CSsample\CSsample\Source.cpp(163,9): message : consider using '%ws' in the format string
C:\Users\satinder.sikand\source\repos\CSsample\CSsample\Source.cpp(163,9): warning C4477: 'printf' : format string '%s' requires an argument of type 'char *', but variadic argument 2 has type 'const wchar_t *'
C:\Users\satinder.sikand\source\repos\CSsample\CSsample\Source.cpp(163,9): message : consider using '%ls' in the format string
C:\Users\satinder.sikand\source\repos\CSsample\CSsample\Source.cpp(163,9): message : consider using '%lls' in the format string
C:\Users\satinder.sikand\source\repos\CSsample\CSsample\Source.cpp(163,9): message : consider using '%Ls' in the format string
C:\Users\satinder.sikand\source\repos\CSsample\CSsample\Source.cpp(163,9): message : consider using '%ws' in the format string
C:\Users\satinder.sikand\source\repos\CSsample\CSsample\Source.cpp(163,9): warning C4477: 'printf' : format string '%s' requires an argument of type 'char *', but variadic argument 3 has type 'unsigned int'
  CSsample.vcxproj -> C:\Users\satinder.sikand\source\repos\CSsample\Debug\CSsample.exe
